components/EnhancedRadialMenu.tsx(180,24): error TS2769: No overload matches this call.
  Overload 1 of 2, '(this: any, d: DefaultArcObject, ...args: any[]): string | null', gave the following error.
    Argument of type '{}' is not assignable to parameter of type 'DefaultArcObject'.
      Type '{}' is missing the following properties from type 'DefaultArcObject': innerRadius, outerRadius, startAngle, endAngle
  Overload 2 of 2, '(this: any, d: DefaultArcObject, ...args: any[]): void', gave the following error.
    Argument of type '{}' is not assignable to parameter of type 'DefaultArcObject'.
      Type '{}' is missing the following properties from type 'DefaultArcObject': innerRadius, outerRadius, startAngle, endAngle
components/ErrorBoundary.tsx(78,63): error TS2345: Argument of type 'Error | undefined' is not assignable to parameter of type 'LogData | undefined'.
  Type 'Error' is not assignable to type 'LogData'.
    Index signature for type 'string' is missing in type 'Error'.
components/MarketScanner.tsx(566,44): error TS2339: Property 'charAt' does not exist on type 'number | "neutral" | "bullish" | "bearish"'.
  Property 'charAt' does not exist on type 'number'.
components/MarketScanner.tsx(566,93): error TS2339: Property 'slice' does not exist on type 'number | "neutral" | "bullish" | "bearish"'.
  Property 'slice' does not exist on type 'number'.
components/MarketScanner.tsx(569,46): error TS18048: 'result.indicators.movingAverage' is possibly 'undefined'.
components/ml/MLIntelligenceDashboard.tsx(67,11): error TS2339: Property 'toast' does not exist on type '{ toasts: Toast[]; addToast: (toast: Omit<Toast, "id">) => string; removeToast: (id: string) => void; clearAll: () => void; success: (title: string, message?: string | undefined, options?: Partial<...> | undefined) => string; error: (title: string, message?: string | undefined, options?: Partial<...> | undefined) =>...'.
components/ml/MLIntelligenceDashboard.tsx(122,18): error TS2352: Conversion of type 'MarketRegime' to type 'Record<string, unknown>' may be a mistake because neither type sufficiently overlaps with the other. If this was intentional, convert the expression to 'unknown' first.
  Index signature for type 'string' is missing in type 'MarketRegime'.
components/ml/MLIntelligenceDashboard.tsx(137,18): error TS2352: Conversion of type 'Pattern' to type 'Record<string, unknown>' may be a mistake because neither type sufficiently overlaps with the other. If this was intentional, convert the expression to 'unknown' first.
  Index signature for type 'string' is missing in type 'Pattern'.
components/ml/MLIntelligenceDashboard.tsx(152,18): error TS2352: Conversion of type 'string[]' to type 'Record<string, unknown>' may be a mistake because neither type sufficiently overlaps with the other. If this was intentional, convert the expression to 'unknown' first.
  Index signature for type 'string' is missing in type 'string[]'.
components/MLModelManagement.tsx(74,13): error TS6133: '_result' is declared but its value is never read.
components/MobileDashboard.tsx(92,19): error TS2322: Type '{ children: Element; key: string; variant: "glass"; size: "sm"; hover: true; className: string; onClick: () => void; }' is not assignable to type 'IntrinsicAttributes & EnhancedCardProps'.
  Property 'onClick' does not exist on type 'IntrinsicAttributes & EnhancedCardProps'.
components/MonitorDashboard.tsx(102,29): error TS2322: Type '{ children: Element; className: string; role: string; "aria-live": string; }' is not assignable to type 'IntrinsicAttributes & CardProps'.
  Property 'role' does not exist on type 'IntrinsicAttributes & CardProps'.
components/MorningRoutineAI.tsx(309,30): error TS2345: Argument of type '{ candidates: { symbol: string; price: number; change?: number | undefined; changePercent?: number | undefined; volume?: number | undefined; marketCap?: number | undefined; bid: number; ask: number; timestamp: string; }[]; count: number; timestamp: string; }' is not assignable to parameter of type 'SetStateAction<{ candidates: { symbol: string; price: number; change: number; changePercent: number; volume: number; marketCap: number; bid: number; ask: number; }[]; count: number; timestamp: string; } | null>'.
  Type '{ candidates: { symbol: string; price: number; change?: number | undefined; changePercent?: number | undefined; volume?: number | undefined; marketCap?: number | undefined; bid: number; ask: number; timestamp: string; }[]; count: number; timestamp: string; }' is not assignable to type '{ candidates: { symbol: string; price: number; change: number; changePercent: number; volume: number; marketCap: number; bid: number; ask: number; }[]; count: number; timestamp: string; }'.
    Types of property 'candidates' are incompatible.
      Type '{ symbol: string; price: number; change?: number | undefined; changePercent?: number | undefined; volume?: number | undefined; marketCap?: number | undefined; bid: number; ask: number; timestamp: string; }[]' is not assignable to type '{ symbol: string; price: number; change: number; changePercent: number; volume: number; marketCap: number; bid: number; ask: number; }[]'.
        Type '{ symbol: string; price: number; change?: number | undefined; changePercent?: number | undefined; volume?: number | undefined; marketCap?: number | undefined; bid: number; ask: number; timestamp: string; }' is not assignable to type '{ symbol: string; price: number; change: number; changePercent: number; volume: number; marketCap: number; bid: number; ask: number; }'.
          Types of property 'change' are incompatible.
            Type 'number | undefined' is not assignable to type 'number'.
              Type 'undefined' is not assignable to type 'number'.
components/MorningRoutineAI.tsx(328,28): error TS2345: Argument of type '{ candidates: { symbol: string; price: number; change?: number | undefined; changePercent?: number | undefined; volume?: number | undefined; marketCap?: number | undefined; bid: number; ask: number; timestamp: string; }[]; count: number; timestamp: string; }' is not assignable to parameter of type 'SetStateAction<{ candidates: { symbol: string; price: number; change: number; changePercent: number; volume: number; marketCap: number; bid: number; ask: number; }[]; count: number; timestamp: string; } | null>'.
  Type '{ candidates: { symbol: string; price: number; change?: number | undefined; changePercent?: number | undefined; volume?: number | undefined; marketCap?: number | undefined; bid: number; ask: number; timestamp: string; }[]; count: number; timestamp: string; }' is not assignable to type '{ candidates: { symbol: string; price: number; change: number; changePercent: number; volume: number; marketCap: number; bid: number; ask: number; }[]; count: number; timestamp: string; }'.
    Types of property 'candidates' are incompatible.
      Type '{ symbol: string; price: number; change?: number | undefined; changePercent?: number | undefined; volume?: number | undefined; marketCap?: number | undefined; bid: number; ask: number; timestamp: string; }[]' is not assignable to type '{ symbol: string; price: number; change: number; changePercent: number; volume: number; marketCap: number; bid: number; ask: number; }[]'.
        Type '{ symbol: string; price: number; change?: number | undefined; changePercent?: number | undefined; volume?: number | undefined; marketCap?: number | undefined; bid: number; ask: number; timestamp: string; }' is not assignable to type '{ symbol: string; price: number; change: number; changePercent: number; volume: number; marketCap: number; bid: number; ask: number; }'.
          Types of property 'change' are incompatible.
            Type 'number | undefined' is not assignable to type 'number'.
              Type 'undefined' is not assignable to type 'number'.
components/MorningRoutineAI.tsx(451,30): error TS2345: Argument of type 'string' is not assignable to parameter of type 'SetStateAction<"custom" | "daily" | "weekdays">'.
components/MorningRoutineAI.tsx(457,16): error TS2345: Argument of type '(step: { type: string; }) => string' is not assignable to parameter of type '(value: { time: string; task: string; description: string; priority: string; type?: string | undefined; }, index: number, array: { time: string; task: string; description: string; priority: string; type?: string | undefined; }[]) => string'.
  Types of parameters 'step' and 'value' are incompatible.
    Type '{ time: string; task: string; description: string; priority: string; type?: string | undefined; }' is not assignable to type '{ type: string; }'.
      Types of property 'type' are incompatible.
        Type 'string | undefined' is not assignable to type 'string'.
          Type 'undefined' is not assignable to type 'string'.
components/MorningRoutineAI.tsx(563,47): error TS2345: Argument of type '{ count: number; timestamp: string; candidates: LiveCandidate[]; } | null' is not assignable to parameter of type '{ count: number; timestamp: string; candidates: { symbol: string; price: number; change: number; changePercent: number; volume: number; marketCap: number; bid: number; ask: number; }[]; } | null'.
  Type '{ count: number; timestamp: string; candidates: LiveCandidate[]; }' is not assignable to type '{ count: number; timestamp: string; candidates: { symbol: string; price: number; change: number; changePercent: number; volume: number; marketCap: number; bid: number; ask: number; }[]; }'.
    Types of property 'candidates' are incompatible.
      Type 'LiveCandidate[]' is not assignable to type '{ symbol: string; price: number; change: number; changePercent: number; volume: number; marketCap: number; bid: number; ask: number; }[]'.
        Type 'LiveCandidate' is missing the following properties from type '{ symbol: string; price: number; change: number; changePercent: number; volume: number; marketCap: number; bid: number; ask: number; }': change, changePercent, volume, marketCap
components/NewsReview.tsx(953,46): error TS2345: Argument of type 'string | undefined' is not assignable to parameter of type 'string'.
  Type 'undefined' is not assignable to type 'string'.
components/NewsReview.tsx(959,38): error TS2345: Argument of type 'string | undefined' is not assignable to parameter of type 'string'.
  Type 'undefined' is not assignable to type 'string'.
components/NewsReview.tsx(976,42): error TS2339: Property 'confidence' does not exist on type '{ sentiment: string; }'.
components/NewsReview.tsx(996,45): error TS2339: Property 'portfolio_impact' does not exist on type '{ sentiment: string; }'.
components/NewsReview.tsx(998,49): error TS2339: Property 'portfolio_impact' does not exist on type '{ sentiment: string; }'.
components/NewsReview.tsx(1003,42): error TS2339: Property 'portfolio_impact' does not exist on type '{ sentiment: string; }'.
components/NewsReview.tsx(1021,45): error TS2339: Property 'urgency' does not exist on type '{ sentiment: string; }'.
components/NewsReview.tsx(1023,49): error TS2339: Property 'urgency' does not exist on type '{ sentiment: string; }'.
components/NewsReview.tsx(1028,42): error TS2339: Property 'urgency' does not exist on type '{ sentiment: string; }'.
components/NewsReview.tsx(1034,36): error TS2339: Property 'tickers_mentioned' does not exist on type '{ sentiment: string; }'.
components/NewsReview.tsx(1055,18): error TS18048: 'aiAnalysis.ai_analysis' is possibly 'undefined'.
components/NewsReview.tsx(1055,41): error TS2339: Property 'tickers_mentioned' does not exist on type '{ sentiment: string; }'.
components/NewsReview.tsx(1076,36): error TS2339: Property 'affected_positions' does not exist on type '{ sentiment: string; }'.
components/NewsReview.tsx(1097,18): error TS18048: 'aiAnalysis.ai_analysis' is possibly 'undefined'.
components/NewsReview.tsx(1097,41): error TS2339: Property 'affected_positions' does not exist on type '{ sentiment: string; }'.
components/NewsReview.tsx(1138,40): error TS2339: Property 'summary' does not exist on type '{ sentiment: string; }'.
components/NewsReview.tsx(1163,40): error TS2339: Property 'key_points' does not exist on type '{ sentiment: string; }'.
components/NewsReview.tsx(1199,40): error TS2339: Property 'trading_implications' does not exist on type '{ sentiment: string; }'.
components/PatternBacktestDashboard.tsx(74,25): error TS2339: Property 'error' does not exist on type '{ primary: string; secondary: string; accent: string; aiGlow: string; success: string; warning: string; danger: string; info: string; text: string; textMuted: string; border: string; borderHover: string; }'.
components/PatternBacktestDashboard.tsx(80,25): error TS2339: Property 'error' does not exist on type '{ primary: string; secondary: string; accent: string; aiGlow: string; success: string; warning: string; danger: string; info: string; text: string; textMuted: string; border: string; borderHover: string; }'.
components/PatternBacktestDashboard.tsx(581,64): error TS2339: Property 'error' does not exist on type '{ primary: string; secondary: string; accent: string; aiGlow: string; success: string; warning: string; danger: string; info: string; text: string; textMuted: string; border: string; borderHover: string; }'.
components/PatternBacktestDashboard.tsx(632,63): error TS2339: Property 'error' does not exist on type '{ primary: string; secondary: string; accent: string; aiGlow: string; success: string; warning: string; danger: string; info: string; text: string; textMuted: string; border: string; borderHover: string; }'.
components/PerformanceOptimizer.tsx(63,24): error TS2352: Conversion of type 'MemoExoticComponent<ComponentType<P>>' to type 'ComponentType<P>' may be a mistake because neither type sufficiently overlaps with the other. If this was intentional, convert the expression to 'unknown' first.
  Type 'MemoExoticComponent<ComponentType<P>>' is not comparable to type 'FunctionComponent<P>'.
    Types of parameters 'props' and 'props' are incompatible.
      Type 'P' is not comparable to type '(PropsWithoutRef<P> & RefAttributes<Component<P, any, any>>) | PropsWithRef<P>'.
        Type 'object' is not comparable to type '(PropsWithoutRef<P> & RefAttributes<Component<P, any, any>>) | PropsWithRef<P>'.
          Type 'P' is not comparable to type 'PropsWithoutRef<P> & RefAttributes<Component<P, any, any>>'.
            Type 'object' is not comparable to type 'PropsWithoutRef<P> & RefAttributes<Component<P, any, any>>'.
              Type 'object' is not comparable to type 'PropsWithoutRef<P>'.
                Type 'P' is not comparable to type 'PropsWithoutRef<P>'.
                  Type 'object' is not comparable to type 'PropsWithoutRef<P>'.
components/PerformanceOptimizer.tsx(68,5): error TS2322: Type 'LazyExoticComponent<ComponentType<P>>' is not assignable to type 'ComponentType<P>'.
  Type 'LazyExoticComponent<ComponentType<P>>' is not assignable to type 'FunctionComponent<P>'.
    Types of parameters 'props' and 'props' are incompatible.
      Type 'P' is not assignable to type '(PropsWithoutRef<P> & RefAttributes<Component<P, any, any>>) | PropsWithRef<P>'.
        Type 'object' is not assignable to type '(PropsWithoutRef<P> & RefAttributes<Component<P, any, any>>) | PropsWithRef<P>'.
          Type 'P' is not assignable to type 'PropsWithoutRef<P> & RefAttributes<Component<P, any, any>>'.
            Type 'object' is not assignable to type 'PropsWithoutRef<P> & RefAttributes<Component<P, any, any>>'.
              Type 'object' is not assignable to type 'PropsWithoutRef<P>'.
                Type 'P' is not assignable to type 'PropsWithoutRef<P>'.
                  Type 'object' is not assignable to type 'PropsWithoutRef<P>'.
components/PerformanceOptimizer.tsx(74,24): error TS2352: Conversion of type 'ForwardRefExoticComponent<PropsWithoutRef<P> & RefAttributes<unknown>>' to type 'ComponentType<P>' may be a mistake because neither type sufficiently overlaps with the other. If this was intentional, convert the expression to 'unknown' first.
  Type 'ForwardRefExoticComponent<PropsWithoutRef<P> & RefAttributes<unknown>>' is not comparable to type 'FunctionComponent<P>'.
    Types of parameters 'props' and 'props' are incompatible.
      Type 'P' is not comparable to type 'PropsWithoutRef<P> & RefAttributes<unknown>'.
        Type 'object' is not comparable to type 'PropsWithoutRef<P> & RefAttributes<unknown>'.
          Type 'object' is not comparable to type 'PropsWithoutRef<P>'.
            Type 'P' is not comparable to type 'PropsWithoutRef<P>'.
              Type 'object' is not comparable to type 'PropsWithoutRef<P>'.
components/PerformanceOptimizer.tsx(80,46): error TS2345: Argument of type 'P' is not assignable to parameter of type 'SetStateAction<PropsWithoutRef<P>>'.
  Type 'object' is not assignable to type 'SetStateAction<PropsWithoutRef<P>>'.
components/PerformanceOptimizer.tsx(82,46): error TS2345: Argument of type 'P' is not assignable to parameter of type 'SetStateAction<PropsWithoutRef<P>>'.
  Type 'object' is not assignable to type 'SetStateAction<PropsWithoutRef<P>>'.
components/PerformanceOptimizer.tsx(90,21): error TS2345: Argument of type 'PropsWithoutRef<P>' is not assignable to parameter of type 'P'.
  'PropsWithoutRef<P>' is assignable to the constraint of type 'P', but 'P' could be instantiated with a different subtype of constraint 'object'.
    Type 'object' is not assignable to type 'P'.
      'object' is assignable to the constraint of type 'P', but 'P' could be instantiated with a different subtype of constraint 'object'.
components/PerformanceOptimizer.tsx(93,15): error TS2322: Type 'PropsWithoutRef<P> & { ref: ForwardedRef<unknown>; }' is not assignable to type 'IntrinsicAttributes & P'.
  Type 'PropsWithoutRef<P> & { ref: ForwardedRef<unknown>; }' is not assignable to type 'P'.
    'PropsWithoutRef<P> & { ref: ForwardedRef<unknown>; }' is assignable to the constraint of type 'P', but 'P' could be instantiated with a different subtype of constraint 'object'.
components/PerformanceOptimizer.tsx(117,7): error TS2698: Spread types may only be created from object types.
components/PortfolioOptimizer.tsx(10,11): error TS6196: '_Position' is declared but never used.
components/PortfolioOptimizer.tsx(85,29): error TS2339: Property 'error' does not exist on type '{ primary: string; secondary: string; accent: string; aiGlow: string; success: string; warning: string; danger: string; info: string; text: string; textMuted: string; border: string; borderHover: string; }'.
components/PortfolioOptimizer.tsx(96,29): error TS2339: Property 'error' does not exist on type '{ primary: string; secondary: string; accent: string; aiGlow: string; success: string; warning: string; danger: string; info: string; text: string; textMuted: string; border: string; borderHover: string; }'.
components/PortfolioOptimizer.tsx(109,61): error TS2339: Property 'error' does not exist on type '{ primary: string; secondary: string; accent: string; aiGlow: string; success: string; warning: string; danger: string; info: string; text: string; textMuted: string; border: string; borderHover: string; }'.
components/PortfolioOptimizer.tsx(606,46): error TS2339: Property 'error' does not exist on type '{ primary: string; secondary: string; accent: string; aiGlow: string; success: string; warning: string; danger: string; info: string; text: string; textMuted: string; border: string; borderHover: string; }'.
components/PositionsTable.tsx(77,23): error TS2339: Property 'symbol' does not exist on type '{ qty?: number | undefined; quantity?: number | undefined; avgPrice?: number | undefined; average_price?: number | undefined; avg_entry_price?: number | undefined; marketPrice?: number | undefined; ... 8 more ...; unrealized_pnl_percent?: number | undefined; }'.
components/PositionsTable.tsx(100,3): error TS2304: Cannot find name 'useEffect'.
components/RadialMenu.ORIGINAL.tsx(888,5): error TS2304: Cannot find name 'centerContentSpacing'.
components/RadialMenu.ORIGINAL.tsx(970,24): error TS2769: No overload matches this call.
  Overload 1 of 4, '(name: string, value: null): Selection<BaseType, unknown, SVGSVGElement, unknown>', gave the following error.
    Argument of type '(this: SVGPathElement, d: { data: { id: string; }; }) => "url(#clickGlow)" | "url(#normalShadow)"' is not assignable to parameter of type 'null'.
  Overload 2 of 4, '(name: string, value: string | number | boolean, priority?: "important" | null | undefined): Selection<BaseType, unknown, SVGSVGElement, unknown>', gave the following error.
    Argument of type '(this: SVGPathElement, d: { data: { id: string; }; }) => "url(#clickGlow)" | "url(#normalShadow)"' is not assignable to parameter of type 'string | number | boolean'.
  Overload 3 of 4, '(name: string, value: ValueFn<BaseType, unknown, string | number | boolean | null>, priority?: "important" | null | undefined): Selection<BaseType, unknown, SVGSVGElement, unknown>', gave the following error.
    Argument of type '(this: SVGPathElement, d: { data: { id: string; }; }) => "url(#clickGlow)" | "url(#normalShadow)"' is not assignable to parameter of type 'ValueFn<BaseType, unknown, string | number | boolean | null>'.
      The 'this' types of each signature are incompatible.
        Type 'BaseType' is not assignable to type 'SVGPathElement'.
          Type 'null' is not assignable to type 'SVGPathElement'.
components/RadialMenu.tsx(17,10): error TS2303: Circular definition of import alias 'default'.
components/RadialMenu/RadialMenuComponent.tsx(46,10): error TS6133: 'hoveredWorkflow' is declared but its value is never read.
components/RadialMenu/RadialMenuComponent.tsx(47,10): error TS6133: 'showAIChat' is declared but its value is never read.
components/RadialMenu/RadialMenuComponent.tsx(112,24): error TS2769: No overload matches this call.
  Overload 1 of 4, '(name: string, value: null): Selection<BaseType, unknown, SVGSVGElement, unknown>', gave the following error.
    Argument of type '(this: SVGPathElement, d: { data: { id: string; }; }) => "url(#clickGlow)" | "url(#normalShadow)"' is not assignable to parameter of type 'null'.
  Overload 2 of 4, '(name: string, value: string | number | boolean, priority?: "important" | null | undefined): Selection<BaseType, unknown, SVGSVGElement, unknown>', gave the following error.
    Argument of type '(this: SVGPathElement, d: { data: { id: string; }; }) => "url(#clickGlow)" | "url(#normalShadow)"' is not assignable to parameter of type 'string | number | boolean'.
  Overload 3 of 4, '(name: string, value: ValueFn<BaseType, unknown, string | number | boolean | null>, priority?: "important" | null | undefined): Selection<BaseType, unknown, SVGSVGElement, unknown>', gave the following error.
    Argument of type '(this: SVGPathElement, d: { data: { id: string; }; }) => "url(#clickGlow)" | "url(#normalShadow)"' is not assignable to parameter of type 'ValueFn<BaseType, unknown, string | number | boolean | null>'.
      The 'this' types of each signature are incompatible.
        Type 'BaseType' is not assignable to type 'SVGPathElement'.
          Type 'null' is not assignable to type 'SVGPathElement'.
components/SimpleFinancialChart.tsx(42,18): error TS2448: Block-scoped variable 'loadAccountData' used before its declaration.
components/SimpleFinancialChart.tsx(42,18): error TS2454: Variable 'loadAccountData' is used before being assigned.
components/SimpleFinancialChart.tsx(54,13): error TS2448: Block-scoped variable 'renderChart' used before its declaration.
components/SimpleFinancialChart.tsx(54,13): error TS2454: Variable 'renderChart' is used before being assigned.
components/SimpleFinancialChart.tsx(147,19): error TS18047: 'context.parsed.y' is possibly 'null'.
components/SimpleFinancialChart.tsx(162,17): error TS2322: Type '"600"' is not assignable to type 'number | "bold" | "normal" | "bolder" | "lighter" | ((ctx: ScriptableScaleContext, options: AnyObject) => number | "bold" | "normal" | "bolder" | "lighter" | null | undefined) | null | undefined'.
components/SimpleFinancialChart.tsx(176,15): error TS2353: Object literal may only specify known properties, and 'drawBorder' does not exist in type '_DeepPartialObject<Partial<GridLineOptions>>'.
components/SimpleFinancialChart.tsx(326,15): error TS1117: An object literal cannot have multiple properties with the same name.
components/StrategyBuilderAI.tsx(176,25): error TS18046: 'err' is of type 'unknown'.
components/StrategyBuilderAI.tsx(211,19): error TS18046: 'err' is of type 'unknown'.
components/StrategyBuilderAI.tsx(226,16): error TS18046: 'err' is of type 'unknown'.
components/StrategyBuilderAI.tsx(637,33): error TS2339: Property 'indicator' does not exist on type '{ condition: string; value: string; operator: string; }'.
components/StrategyBuilderAI.tsx(680,33): error TS2339: Property 'type' does not exist on type '{ condition: string; value: string; operator: string; }'.
components/StrategyBuilderAI.tsx(716,58): error TS2339: Property 'value' does not exist on type '{ method: string; percentage: number; maxRisk: number; }'.
components/StrategyBuilderAI.tsx(1273,11): error TS2719: Type 'Template | null' is not assignable to type 'Template | null'. Two different types with this name exist, but they are unrelated.
  Type 'Template' is not assignable to type 'Template'. Two different types with this name exist, but they are unrelated.
    Types of property 'config' are incompatible.
      Type 'unknown' is not assignable to type '{ entry_rules?: { type: string; value: string; operator: string; }[] | undefined; exit_rules?: { type: string; value: number; operator: string; }[] | undefined; position_sizing?: { method: string; percentage: number; } | undefined; }'.
components/TemplateCustomizationModal.tsx(67,40): error TS2339: Property 'position_size_percent' does not exist on type '{ entry_rules?: { type: string; value: string; operator: string; }[] | undefined; exit_rules?: { type: string; value: number; operator: string; }[] | undefined; position_sizing?: { method: string; percentage: number; } | undefined; }'.
components/TemplateCustomizationModal.tsx(68,40): error TS2339: Property 'max_positions' does not exist on type '{ entry_rules?: { type: string; value: string; operator: string; }[] | undefined; exit_rules?: { type: string; value: number; operator: string; }[] | undefined; position_sizing?: { method: string; percentage: number; } | undefined; }'.
components/TemplateCustomizationModal.tsx(69,37): error TS2339: Property 'rsi_period' does not exist on type '{ entry_rules?: { type: string; value: string; operator: string; }[] | undefined; exit_rules?: { type: string; value: number; operator: string; }[] | undefined; position_sizing?: { method: string; percentage: number; } | undefined; }'.
components/TemplateCustomizationModal.tsx(96,13): error TS2739: Type '{ position_size_percent: number; max_positions: number; rsi_period: number; }' is missing the following properties from type '{ position_size_percent: number; max_positions: number; rsi_period: number; stop_loss_percent: number; take_profit_percent: number; entry_rules: { type: string; value: string; operator: string; }[]; exit_rules: { ...; }[]; }': stop_loss_percent, take_profit_percent, entry_rules, exit_rules
components/TemplateCustomizationModal.tsx(120,65): error TS18046: 'r' is of type 'unknown'.
components/TemplateCustomizationModal.tsx(121,67): error TS18046: 'r' is of type 'unknown'.
components/TemplateCustomizationModal.tsx(155,19): error TS18046: 'err' is of type 'unknown'.
components/TemplateCustomizationModal.tsx(168,49): error TS2339: Property 'position_size_percent' does not exist on type '{ entry_rules?: { type: string; value: string; operator: string; }[] | undefined; exit_rules?: { type: string; value: number; operator: string; }[] | undefined; position_sizing?: { method: string; percentage: number; } | undefined; }'.
components/TemplateCustomizationModal.tsx(169,49): error TS2339: Property 'max_positions' does not exist on type '{ entry_rules?: { type: string; value: string; operator: string; }[] | undefined; exit_rules?: { type: string; value: number; operator: string; }[] | undefined; position_sizing?: { method: string; percentage: number; } | undefined; }'.
components/TemplateCustomizationModal.tsx(171,55): error TS18046: 'r' is of type 'unknown'.
components/TemplateCustomizationModal.tsx(173,55): error TS18046: 'r' is of type 'unknown'.
components/trading/PLComparisonChart.tsx(324,9): error TS2322: Type '{ time: number; value: number; }[]' is not assignable to type 'LineData<Time>[]'.
  Type '{ time: number; value: number; }' is not assignable to type 'LineData<Time>'.
    Types of property 'time' are incompatible.
      Type 'number' is not assignable to type 'Time'.
components/trading/PLComparisonChart.tsx(329,3): error TS18046: 'payoffSeries' is of type 'unknown'.
components/trading/PLComparisonChart.tsx(338,3): error TS18046: 'zeroSeries' is of type 'unknown'.
components/trading/PLComparisonChart.tsx(354,11): error TS2322: Type '{ time: number; value: number; }[]' is not assignable to type 'LineData<Time>[]'.
  Type '{ time: number; value: number; }' is not assignable to type 'LineData<Time>'.
    Types of property 'time' are incompatible.
      Type 'number' is not assignable to type 'Time'.
components/trading/PLComparisonChart.tsx(359,5): error TS18046: 'probSeries' is of type 'unknown'.
components/trading/ResearchDashboard.tsx(203,47): error TS2339: Property 'macd' does not exist on type 'LineData<Time>[] | HistogramData<Time>[]'.
  Property 'macd' does not exist on type 'LineData<Time>[]'.
components/trading/ResearchDashboard.tsx(203,78): error TS2339: Property 'macd' does not exist on type 'LineData<Time>[] | HistogramData<Time>[]'.
  Property 'macd' does not exist on type 'LineData<Time>[]'.
components/trading/ResearchDashboard.tsx(206,43): error TS2339: Property 'signal' does not exist on type 'LineData<Time>[] | HistogramData<Time>[]'.
  Property 'signal' does not exist on type 'LineData<Time>[]'.
components/trading/ResearchDashboard.tsx(206,76): error TS2339: Property 'signal' does not exist on type 'LineData<Time>[] | HistogramData<Time>[]'.
  Property 'signal' does not exist on type 'LineData<Time>[]'.
components/trading/ResearchDashboard.tsx(209,43): error TS2339: Property 'histogram' does not exist on type 'LineData<Time>[] | HistogramData<Time>[]'.
  Property 'histogram' does not exist on type 'LineData<Time>[]'.
components/trading/ResearchDashboard.tsx(209,79): error TS2339: Property 'histogram' does not exist on type 'LineData<Time>[] | HistogramData<Time>[]'.
  Property 'histogram' does not exist on type 'LineData<Time>[]'.
components/trading/ResearchDashboard.tsx(393,7): error TS2322: Type '{ macd: { time: string; value: number; }[]; signal: { time: string; value: number; }[]; histogram: { time: string; value: number; }[]; }' is not assignable to type 'LineData<Time>[] | HistogramData<Time>[]'.
components/trading/ResearchDashboard.tsx(396,7): error TS2322: Type '{ upper: LinePoint[]; middle: LinePoint[]; lower: LinePoint[]; }' is not assignable to type 'LineData<Time>[] | HistogramData<Time>[]'.
components/trading/ResearchDashboard.tsx(399,7): error TS2322: Type '{ tenkan: LinePoint[]; kijun: LinePoint[]; senkouA: LinePoint[]; senkouB: LinePoint[]; chikou: LinePoint[]; }' is not assignable to type 'LineData<Time>[] | HistogramData<Time>[]'.
components/trading/ResearchDashboard.tsx(557,7): error TS2322: Type 'unknown' is not assignable to type 'ISeriesApi<"Line" | "Candlestick" | "Area", Time, LineData<Time> | WhitespaceData<Time> | CandlestickData<Time> | AreaData<...>, LineSeriesOptions | ... 1 more ... | AreaSeriesOptions, DeepPartial<...> | ... 1 more ... | DeepPartial<...>>'.
components/trading/ResearchDashboard.tsx(566,13): error TS2322: Type '{ time: number; open: number; high: number; low: number; close: number; }[]' is not assignable to type 'CandlestickData<Time>[]'.
  Type '{ time: number; open: number; high: number; low: number; close: number; }' is not assignable to type 'CandlestickData<Time>'.
    Types of property 'time' are incompatible.
      Type 'number' is not assignable to type 'Time'.
components/trading/ResearchDashboard.tsx(576,7): error TS2322: Type 'unknown' is not assignable to type 'ISeriesApi<"Line" | "Candlestick" | "Area", Time, LineData<Time> | WhitespaceData<Time> | CandlestickData<Time> | AreaData<...>, LineSeriesOptions | ... 1 more ... | AreaSeriesOptions, DeepPartial<...> | ... 1 more ... | DeepPartial<...>>'.
components/trading/ResearchDashboard.tsx(581,13): error TS2322: Type '{ time: number; value: number; }[]' is not assignable to type 'LineData<Time>[]'.
  Type '{ time: number; value: number; }' is not assignable to type 'LineData<Time>'.
    Types of property 'time' are incompatible.
      Type 'number' is not assignable to type 'Time'.
components/trading/ResearchDashboard.tsx(589,7): error TS2322: Type 'unknown' is not assignable to type 'ISeriesApi<"Line" | "Candlestick" | "Area", Time, LineData<Time> | WhitespaceData<Time> | CandlestickData<Time> | AreaData<...>, LineSeriesOptions | ... 1 more ... | AreaSeriesOptions, DeepPartial<...> | ... 1 more ... | DeepPartial<...>>'.
components/trading/ResearchDashboard.tsx(596,13): error TS2322: Type '{ time: number; value: number; }[]' is not assignable to type 'LineData<Time>[]'.
  Type '{ time: number; value: number; }' is not assignable to type 'LineData<Time>'.
    Types of property 'time' are incompatible.
      Type 'number' is not assignable to type 'Time'.
components/trading/ResearchDashboard.tsx(629,7): error TS18046: 'series' is of type 'unknown'.
components/trading/ResearchDashboard.tsx(631,27): error TS18046: 'point' is of type 'unknown'.
components/trading/ResearchDashboard.tsx(632,18): error TS18046: 'point' is of type 'unknown'.
components/trading/ResearchDashboard.tsx(635,47): error TS2345: Argument of type 'unknown' is not assignable to parameter of type 'ISeriesApi<"Line" | "Area" | "Histogram", Time, LineData<Time> | WhitespaceData<Time> | AreaData<Time> | HistogramData<Time>, LineSeriesOptions | ... 1 more ... | HistogramSeriesOptions, DeepPartial<...> | ... 1 more ... | DeepPartial<...>>'.
components/trading/ResearchDashboard.tsx(644,7): error TS18046: 'series' is of type 'unknown'.
components/trading/ResearchDashboard.tsx(646,27): error TS18046: 'point' is of type 'unknown'.
components/trading/ResearchDashboard.tsx(647,18): error TS18046: 'point' is of type 'unknown'.
components/trading/ResearchDashboard.tsx(650,47): error TS2345: Argument of type 'unknown' is not assignable to parameter of type 'ISeriesApi<"Line" | "Area" | "Histogram", Time, LineData<Time> | WhitespaceData<Time> | AreaData<Time> | HistogramData<Time>, LineSeriesOptions | ... 1 more ... | HistogramSeriesOptions, DeepPartial<...> | ... 1 more ... | DeepPartial<...>>'.
components/trading/ResearchDashboard.tsx(659,7): error TS18046: 'series' is of type 'unknown'.
components/trading/ResearchDashboard.tsx(661,27): error TS18046: 'point' is of type 'unknown'.
components/trading/ResearchDashboard.tsx(662,18): error TS18046: 'point' is of type 'unknown'.
components/trading/ResearchDashboard.tsx(665,48): error TS2345: Argument of type 'unknown' is not assignable to parameter of type 'ISeriesApi<"Line" | "Area" | "Histogram", Time, LineData<Time> | WhitespaceData<Time> | AreaData<Time> | HistogramData<Time>, LineSeriesOptions | ... 1 more ... | HistogramSeriesOptions, DeepPartial<...> | ... 1 more ... | DeepPartial<...>>'.
components/trading/ResearchDashboard.tsx(670,15): error TS2339: Property 'upper' does not exist on type 'LineData<Time>[] | HistogramData<Time>[]'.
components/trading/ResearchDashboard.tsx(670,22): error TS2339: Property 'middle' does not exist on type 'LineData<Time>[] | HistogramData<Time>[]'.
components/trading/ResearchDashboard.tsx(670,30): error TS2339: Property 'lower' does not exist on type 'LineData<Time>[] | HistogramData<Time>[]'.
components/trading/ResearchDashboard.tsx(677,7): error TS18046: 'upperSeries' is of type 'unknown'.
components/trading/ResearchDashboard.tsx(679,27): error TS18046: 'point' is of type 'unknown'.
components/trading/ResearchDashboard.tsx(680,18): error TS18046: 'point' is of type 'unknown'.
components/trading/ResearchDashboard.tsx(689,7): error TS18046: 'middleSeries' is of type 'unknown'.
components/trading/ResearchDashboard.tsx(691,27): error TS18046: 'point' is of type 'unknown'.
components/trading/ResearchDashboard.tsx(692,18): error TS18046: 'point' is of type 'unknown'.
components/trading/ResearchDashboard.tsx(701,7): error TS18046: 'lowerSeries' is of type 'unknown'.
components/trading/ResearchDashboard.tsx(703,27): error TS18046: 'point' is of type 'unknown'.
components/trading/ResearchDashboard.tsx(704,18): error TS18046: 'point' is of type 'unknown'.
components/trading/ResearchDashboard.tsx(708,50): error TS2345: Argument of type 'unknown' is not assignable to parameter of type 'ISeriesApi<"Line" | "Area" | "Histogram", Time, LineData<Time> | WhitespaceData<Time> | AreaData<Time> | HistogramData<Time>, LineSeriesOptions | ... 1 more ... | HistogramSeriesOptions, DeepPartial<...> | ... 1 more ... | DeepPartial<...>>'.
components/trading/ResearchDashboard.tsx(709,51): error TS2345: Argument of type 'unknown' is not assignable to parameter of type 'ISeriesApi<"Line" | "Area" | "Histogram", Time, LineData<Time> | WhitespaceData<Time> | AreaData<Time> | HistogramData<Time>, LineSeriesOptions | ... 1 more ... | HistogramSeriesOptions, DeepPartial<...> | ... 1 more ... | DeepPartial<...>>'.
components/trading/ResearchDashboard.tsx(710,50): error TS2345: Argument of type 'unknown' is not assignable to parameter of type 'ISeriesApi<"Line" | "Area" | "Histogram", Time, LineData<Time> | WhitespaceData<Time> | AreaData<Time> | HistogramData<Time>, LineSeriesOptions | ... 1 more ... | HistogramSeriesOptions, DeepPartial<...> | ... 1 more ... | DeepPartial<...>>'.
components/trading/ResearchDashboard.tsx(715,15): error TS2339: Property 'tenkan' does not exist on type 'LineData<Time>[] | HistogramData<Time>[]'.
components/trading/ResearchDashboard.tsx(715,23): error TS2339: Property 'kijun' does not exist on type 'LineData<Time>[] | HistogramData<Time>[]'.
components/trading/ResearchDashboard.tsx(715,30): error TS2339: Property 'senkouA' does not exist on type 'LineData<Time>[] | HistogramData<Time>[]'.
components/trading/ResearchDashboard.tsx(715,39): error TS2339: Property 'senkouB' does not exist on type 'LineData<Time>[] | HistogramData<Time>[]'.
components/trading/ResearchDashboard.tsx(715,48): error TS2339: Property 'chikou' does not exist on type 'LineData<Time>[] | HistogramData<Time>[]'.
components/trading/ResearchDashboard.tsx(722,7): error TS18046: 'tenkanSeries' is of type 'unknown'.
components/trading/ResearchDashboard.tsx(724,27): error TS18046: 'point' is of type 'unknown'.
components/trading/ResearchDashboard.tsx(725,18): error TS18046: 'point' is of type 'unknown'.
components/trading/ResearchDashboard.tsx(734,7): error TS18046: 'kijunSeries' is of type 'unknown'.
components/trading/ResearchDashboard.tsx(736,27): error TS18046: 'point' is of type 'unknown'.
components/trading/ResearchDashboard.tsx(737,18): error TS18046: 'point' is of type 'unknown'.
components/trading/ResearchDashboard.tsx(746,7): error TS18046: 'senkouASeries' is of type 'unknown'.
components/trading/ResearchDashboard.tsx(748,27): error TS18046: 'point' is of type 'unknown'.
components/trading/ResearchDashboard.tsx(749,18): error TS18046: 'point' is of type 'unknown'.
components/trading/ResearchDashboard.tsx(758,7): error TS18046: 'senkouBSeries' is of type 'unknown'.
components/trading/ResearchDashboard.tsx(760,27): error TS18046: 'point' is of type 'unknown'.
components/trading/ResearchDashboard.tsx(761,18): error TS18046: 'point' is of type 'unknown'.
components/trading/ResearchDashboard.tsx(770,7): error TS18046: 'chikouSeries' is of type 'unknown'.
components/trading/ResearchDashboard.tsx(772,27): error TS18046: 'point' is of type 'unknown'.
components/trading/ResearchDashboard.tsx(773,18): error TS18046: 'point' is of type 'unknown'.
components/trading/ResearchDashboard.tsx(777,57): error TS2345: Argument of type 'unknown' is not assignable to parameter of type 'ISeriesApi<"Line" | "Area" | "Histogram", Time, LineData<Time> | WhitespaceData<Time> | AreaData<Time> | HistogramData<Time>, LineSeriesOptions | ... 1 more ... | HistogramSeriesOptions, DeepPartial<...> | ... 1 more ... | DeepPartial<...>>'.
components/trading/ResearchDashboard.tsx(778,56): error TS2345: Argument of type 'unknown' is not assignable to parameter of type 'ISeriesApi<"Line" | "Area" | "Histogram", Time, LineData<Time> | WhitespaceData<Time> | AreaData<Time> | HistogramData<Time>, LineSeriesOptions | ... 1 more ... | HistogramSeriesOptions, DeepPartial<...> | ... 1 more ... | DeepPartial<...>>'.
components/trading/ResearchDashboard.tsx(779,58): error TS2345: Argument of type 'unknown' is not assignable to parameter of type 'ISeriesApi<"Line" | "Area" | "Histogram", Time, LineData<Time> | WhitespaceData<Time> | AreaData<Time> | HistogramData<Time>, LineSeriesOptions | ... 1 more ... | HistogramSeriesOptions, DeepPartial<...> | ... 1 more ... | DeepPartial<...>>'.
components/trading/ResearchDashboard.tsx(780,58): error TS2345: Argument of type 'unknown' is not assignable to parameter of type 'ISeriesApi<"Line" | "Area" | "Histogram", Time, LineData<Time> | WhitespaceData<Time> | AreaData<Time> | HistogramData<Time>, LineSeriesOptions | ... 1 more ... | HistogramSeriesOptions, DeepPartial<...> | ... 1 more ... | DeepPartial<...>>'.
components/trading/ResearchDashboard.tsx(781,57): error TS2345: Argument of type 'unknown' is not assignable to parameter of type 'ISeriesApi<"Line" | "Area" | "Histogram", Time, LineData<Time> | WhitespaceData<Time> | AreaData<Time> | HistogramData<Time>, LineSeriesOptions | ... 1 more ... | HistogramSeriesOptions, DeepPartial<...> | ... 1 more ... | DeepPartial<...>>'.
components/trading/ResearchDashboard.tsx(817,15): error TS2339: Property 'macd' does not exist on type 'LineData<Time>[] | HistogramData<Time>[]'.
components/trading/ResearchDashboard.tsx(817,21): error TS2339: Property 'signal' does not exist on type 'LineData<Time>[] | HistogramData<Time>[]'.
components/trading/ResearchDashboard.tsx(817,29): error TS2339: Property 'histogram' does not exist on type 'LineData<Time>[] | HistogramData<Time>[]'.
components/trading/ResearchDashboard.tsx(825,7): error TS18046: 'macdSeries' is of type 'unknown'.
components/trading/ResearchDashboard.tsx(827,27): error TS18046: 'point' is of type 'unknown'.
components/trading/ResearchDashboard.tsx(828,18): error TS18046: 'point' is of type 'unknown'.
components/trading/ResearchDashboard.tsx(838,7): error TS18046: 'signalSeries' is of type 'unknown'.
components/trading/ResearchDashboard.tsx(840,27): error TS18046: 'point' is of type 'unknown'.
components/trading/ResearchDashboard.tsx(841,18): error TS18046: 'point' is of type 'unknown'.
components/trading/ResearchDashboard.tsx(854,7): error TS18046: 'histogramSeries' is of type 'unknown'.
components/trading/ResearchDashboard.tsx(856,27): error TS18046: 'point' is of type 'unknown'.
components/trading/ResearchDashboard.tsx(857,18): error TS18046: 'point' is of type 'unknown'.
components/trading/ResearchDashboard.tsx(858,18): error TS18046: 'point' is of type 'unknown'.
components/trading/ResearchDashboard.tsx(913,13): error TS2322: Type '{ time: number; value: number; color: string; }[]' is not assignable to type 'HistogramData<Time>[]'.
  Type '{ time: number; value: number; color: string; }' is not assignable to type 'HistogramData<Time>'.
    Types of property 'time' are incompatible.
      Type 'number' is not assignable to type 'Time'.
components/trading/ResearchDashboard.tsx(919,7): error TS18046: 'volumeSeries' is of type 'unknown'.
components/trading/ResearchDashboard.tsx(1091,7): error TS2322: Type 'unknown' is not assignable to type 'ReactNode'.
components/trading/ResearchDashboard.tsx(1275,39): error TS2339: Property 'symbol' does not exist on type '{}'.
components/trading/ResearchDashboard.tsx(1276,45): error TS2339: Property 'currentPrice' does not exist on type '{}'.
components/trading/ResearchDashboard.tsx(1277,44): error TS2339: Property 'suggestions' does not exist on type '{}'.
components/trading/ResearchDashboard.tsx(1278,41): error TS2339: Property 'analysis' does not exist on type '{}'.
components/trading/StrategyBuilder.tsx(184,64): error TS18046: 'v' is of type 'unknown'.
components/trading/StrategyBuilder.tsx(212,15): error TS18046: 'leg' is of type 'unknown'.
components/trading/StrategyBuilder.tsx(213,15): error TS18046: 'leg' is of type 'unknown'.
components/trading/StrategyBuilder.tsx(214,14): error TS18046: 'leg' is of type 'unknown'.
components/trading/StrategyBuilder.tsx(215,16): error TS18046: 'leg' is of type 'unknown'.
components/trading/StrategyBuilder.tsx(216,19): error TS18046: 'leg' is of type 'unknown'.
components/TradingModeIndicator.tsx(63,9): error TS6133: '_isPaper' is declared but its value is never read.
components/TradingViewChart.tsx(85,7): error TS2448: Block-scoped variable 'initWidget' used before its declaration.
components/TradingViewChart.tsx(85,7): error TS2454: Variable 'initWidget' is used before being assigned.
components/TradingViewChart.tsx(92,7): error TS2448: Block-scoped variable 'initWidget' used before its declaration.
components/TradingViewChart.tsx(92,7): error TS2454: Variable 'initWidget' is used before being assigned.
components/TradingViewChart.tsx(113,25): error TS7009: 'new' expression, whose target lacks a construct signature, implicitly has an 'any' type.
components/TradingViewChart.tsx(130,7): error TS2322: Type 'string | number' is not assignable to type 'number'.
  Type 'string' is not assignable to type 'number'.
components/UserSetup.tsx(104,11): error TS2322: Type 'ForwardRefExoticComponent<Omit<LucideProps, "ref"> & RefAttributes<SVGSVGElement>>' is not assignable to type 'ComponentType<{ size?: number | undefined; className?: string | undefined; }> | undefined'.
  Type 'ForwardRefExoticComponent<Omit<LucideProps, "ref"> & RefAttributes<SVGSVGElement>>' is not assignable to type 'FunctionComponent<{ size?: number | undefined; className?: string | undefined; }>'.
    Types of property 'propTypes' are incompatible.
      Type 'WeakValidationMap<Omit<LucideProps, "ref"> & RefAttributes<SVGSVGElement>> | undefined' is not assignable to type 'WeakValidationMap<{ size?: number | undefined; className?: string | undefined; }> | undefined'.
        Type 'WeakValidationMap<Omit<LucideProps, "ref"> & RefAttributes<SVGSVGElement>>' is not assignable to type 'WeakValidationMap<{ size?: number | undefined; className?: string | undefined; }>'.
          Types of property 'size' are incompatible.
            Type 'Validator<string | number | null | undefined> | undefined' is not assignable to type 'Validator<number | null | undefined> | undefined'.
              Type 'Validator<string | number | null | undefined>' is not assignable to type 'Validator<number | null | undefined>'.
                Type 'string | number | null | undefined' is not assignable to type 'number | null | undefined'.
                  Type 'string' is not assignable to type 'number'.
components/UserSetup.tsx(112,11): error TS2322: Type 'ForwardRefExoticComponent<Omit<LucideProps, "ref"> & RefAttributes<SVGSVGElement>>' is not assignable to type 'ComponentType<{ size?: number | undefined; className?: string | undefined; }> | undefined'.
  Type 'ForwardRefExoticComponent<Omit<LucideProps, "ref"> & RefAttributes<SVGSVGElement>>' is not assignable to type 'FunctionComponent<{ size?: number | undefined; className?: string | undefined; }>'.
    Types of property 'propTypes' are incompatible.
      Type 'WeakValidationMap<Omit<LucideProps, "ref"> & RefAttributes<SVGSVGElement>> | undefined' is not assignable to type 'WeakValidationMap<{ size?: number | undefined; className?: string | undefined; }> | undefined'.
        Type 'WeakValidationMap<Omit<LucideProps, "ref"> & RefAttributes<SVGSVGElement>>' is not assignable to type 'WeakValidationMap<{ size?: number | undefined; className?: string | undefined; }>'.
          Types of property 'size' are incompatible.
            Type 'Validator<string | number | null | undefined> | undefined' is not assignable to type 'Validator<number | null | undefined> | undefined'.
              Type 'Validator<string | number | null | undefined>' is not assignable to type 'Validator<number | null | undefined>'.
                Type 'string | number | null | undefined' is not assignable to type 'number | null | undefined'.
                  Type 'string' is not assignable to type 'number'.
components/UserSetup.tsx(121,11): error TS2322: Type 'ForwardRefExoticComponent<Omit<LucideProps, "ref"> & RefAttributes<SVGSVGElement>>' is not assignable to type 'ComponentType<{ size?: number | undefined; className?: string | undefined; }> | undefined'.
  Type 'ForwardRefExoticComponent<Omit<LucideProps, "ref"> & RefAttributes<SVGSVGElement>>' is not assignable to type 'FunctionComponent<{ size?: number | undefined; className?: string | undefined; }>'.
    Types of property 'propTypes' are incompatible.
      Type 'WeakValidationMap<Omit<LucideProps, "ref"> & RefAttributes<SVGSVGElement>> | undefined' is not assignable to type 'WeakValidationMap<{ size?: number | undefined; className?: string | undefined; }> | undefined'.
        Type 'WeakValidationMap<Omit<LucideProps, "ref"> & RefAttributes<SVGSVGElement>>' is not assignable to type 'WeakValidationMap<{ size?: number | undefined; className?: string | undefined; }>'.
          Types of property 'size' are incompatible.
            Type 'Validator<string | number | null | undefined> | undefined' is not assignable to type 'Validator<number | null | undefined> | undefined'.
              Type 'Validator<string | number | null | undefined>' is not assignable to type 'Validator<number | null | undefined>'.
                Type 'string | number | null | undefined' is not assignable to type 'number | null | undefined'.
                  Type 'string' is not assignable to type 'number'.
components/UserSetup.tsx(143,11): error TS2322: Type 'ForwardRefExoticComponent<Omit<LucideProps, "ref"> & RefAttributes<SVGSVGElement>>' is not assignable to type 'ComponentType<{ size?: number | undefined; className?: string | undefined; }> | undefined'.
  Type 'ForwardRefExoticComponent<Omit<LucideProps, "ref"> & RefAttributes<SVGSVGElement>>' is not assignable to type 'FunctionComponent<{ size?: number | undefined; className?: string | undefined; }>'.
    Types of property 'propTypes' are incompatible.
      Type 'WeakValidationMap<Omit<LucideProps, "ref"> & RefAttributes<SVGSVGElement>> | undefined' is not assignable to type 'WeakValidationMap<{ size?: number | undefined; className?: string | undefined; }> | undefined'.
        Type 'WeakValidationMap<Omit<LucideProps, "ref"> & RefAttributes<SVGSVGElement>>' is not assignable to type 'WeakValidationMap<{ size?: number | undefined; className?: string | undefined; }>'.
          Types of property 'size' are incompatible.
            Type 'Validator<string | number | null | undefined> | undefined' is not assignable to type 'Validator<number | null | undefined> | undefined'.
              Type 'Validator<string | number | null | undefined>' is not assignable to type 'Validator<number | null | undefined>'.
                Type 'string | number | null | undefined' is not assignable to type 'number | null | undefined'.
                  Type 'string' is not assignable to type 'number'.
components/UserSetup.tsx(152,11): error TS2322: Type 'ForwardRefExoticComponent<Omit<LucideProps, "ref"> & RefAttributes<SVGSVGElement>>' is not assignable to type 'ComponentType<{ size?: number | undefined; className?: string | undefined; }> | undefined'.
  Type 'ForwardRefExoticComponent<Omit<LucideProps, "ref"> & RefAttributes<SVGSVGElement>>' is not assignable to type 'FunctionComponent<{ size?: number | undefined; className?: string | undefined; }>'.
    Types of property 'propTypes' are incompatible.
      Type 'WeakValidationMap<Omit<LucideProps, "ref"> & RefAttributes<SVGSVGElement>> | undefined' is not assignable to type 'WeakValidationMap<{ size?: number | undefined; className?: string | undefined; }> | undefined'.
        Type 'WeakValidationMap<Omit<LucideProps, "ref"> & RefAttributes<SVGSVGElement>>' is not assignable to type 'WeakValidationMap<{ size?: number | undefined; className?: string | undefined; }>'.
          Types of property 'size' are incompatible.
            Type 'Validator<string | number | null | undefined> | undefined' is not assignable to type 'Validator<number | null | undefined> | undefined'.
              Type 'Validator<string | number | null | undefined>' is not assignable to type 'Validator<number | null | undefined>'.
                Type 'string | number | null | undefined' is not assignable to type 'number | null | undefined'.
                  Type 'string' is not assignable to type 'number'.
components/UserSetup.tsx(167,11): error TS2322: Type 'ForwardRefExoticComponent<Omit<LucideProps, "ref"> & RefAttributes<SVGSVGElement>>' is not assignable to type 'ComponentType<{ size?: number | undefined; className?: string | undefined; }> | undefined'.
  Type 'ForwardRefExoticComponent<Omit<LucideProps, "ref"> & RefAttributes<SVGSVGElement>>' is not assignable to type 'FunctionComponent<{ size?: number | undefined; className?: string | undefined; }>'.
    Types of property 'propTypes' are incompatible.
      Type 'WeakValidationMap<Omit<LucideProps, "ref"> & RefAttributes<SVGSVGElement>> | undefined' is not assignable to type 'WeakValidationMap<{ size?: number | undefined; className?: string | undefined; }> | undefined'.
        Type 'WeakValidationMap<Omit<LucideProps, "ref"> & RefAttributes<SVGSVGElement>>' is not assignable to type 'WeakValidationMap<{ size?: number | undefined; className?: string | undefined; }>'.
          Types of property 'size' are incompatible.
            Type 'Validator<string | number | null | undefined> | undefined' is not assignable to type 'Validator<number | null | undefined> | undefined'.
              Type 'Validator<string | number | null | undefined>' is not assignable to type 'Validator<number | null | undefined>'.
                Type 'string | number | null | undefined' is not assignable to type 'number | null | undefined'.
                  Type 'string' is not assignable to type 'number'.
components/UserSetup.tsx(183,11): error TS2322: Type 'ForwardRefExoticComponent<Omit<LucideProps, "ref"> & RefAttributes<SVGSVGElement>>' is not assignable to type 'ComponentType<{ size?: number | undefined; className?: string | undefined; }> | undefined'.
  Type 'ForwardRefExoticComponent<Omit<LucideProps, "ref"> & RefAttributes<SVGSVGElement>>' is not assignable to type 'FunctionComponent<{ size?: number | undefined; className?: string | undefined; }>'.
    Types of property 'propTypes' are incompatible.
      Type 'WeakValidationMap<Omit<LucideProps, "ref"> & RefAttributes<SVGSVGElement>> | undefined' is not assignable to type 'WeakValidationMap<{ size?: number | undefined; className?: string | undefined; }> | undefined'.
        Type 'WeakValidationMap<Omit<LucideProps, "ref"> & RefAttributes<SVGSVGElement>>' is not assignable to type 'WeakValidationMap<{ size?: number | undefined; className?: string | undefined; }>'.
          Types of property 'size' are incompatible.
            Type 'Validator<string | number | null | undefined> | undefined' is not assignable to type 'Validator<number | null | undefined> | undefined'.
              Type 'Validator<string | number | null | undefined>' is not assignable to type 'Validator<number | null | undefined>'.
                Type 'string | number | null | undefined' is not assignable to type 'number | null | undefined'.
                  Type 'string' is not assignable to type 'number'.
components/UserSetup.tsx(198,11): error TS2322: Type 'ForwardRefExoticComponent<Omit<LucideProps, "ref"> & RefAttributes<SVGSVGElement>>' is not assignable to type 'ComponentType<{ size?: number | undefined; className?: string | undefined; }> | undefined'.
  Type 'ForwardRefExoticComponent<Omit<LucideProps, "ref"> & RefAttributes<SVGSVGElement>>' is not assignable to type 'FunctionComponent<{ size?: number | undefined; className?: string | undefined; }>'.
    Types of property 'propTypes' are incompatible.
      Type 'WeakValidationMap<Omit<LucideProps, "ref"> & RefAttributes<SVGSVGElement>> | undefined' is not assignable to type 'WeakValidationMap<{ size?: number | undefined; className?: string | undefined; }> | undefined'.
        Type 'WeakValidationMap<Omit<LucideProps, "ref"> & RefAttributes<SVGSVGElement>>' is not assignable to type 'WeakValidationMap<{ size?: number | undefined; className?: string | undefined; }>'.
          Types of property 'size' are incompatible.
            Type 'Validator<string | number | null | undefined> | undefined' is not assignable to type 'Validator<number | null | undefined> | undefined'.
              Type 'Validator<string | number | null | undefined>' is not assignable to type 'Validator<number | null | undefined>'.
                Type 'string | number | null | undefined' is not assignable to type 'number | null | undefined'.
                  Type 'string' is not assignable to type 'number'.
components/UserSetup.tsx(213,11): error TS2322: Type 'ForwardRefExoticComponent<Omit<LucideProps, "ref"> & RefAttributes<SVGSVGElement>>' is not assignable to type 'ComponentType<{ size?: number | undefined; className?: string | undefined; }> | undefined'.
  Type 'ForwardRefExoticComponent<Omit<LucideProps, "ref"> & RefAttributes<SVGSVGElement>>' is not assignable to type 'FunctionComponent<{ size?: number | undefined; className?: string | undefined; }>'.
    Types of property 'propTypes' are incompatible.
      Type 'WeakValidationMap<Omit<LucideProps, "ref"> & RefAttributes<SVGSVGElement>> | undefined' is not assignable to type 'WeakValidationMap<{ size?: number | undefined; className?: string | undefined; }> | undefined'.
        Type 'WeakValidationMap<Omit<LucideProps, "ref"> & RefAttributes<SVGSVGElement>>' is not assignable to type 'WeakValidationMap<{ size?: number | undefined; className?: string | undefined; }>'.
          Types of property 'size' are incompatible.
            Type 'Validator<string | number | null | undefined> | undefined' is not assignable to type 'Validator<number | null | undefined> | undefined'.
              Type 'Validator<string | number | null | undefined>' is not assignable to type 'Validator<number | null | undefined>'.
                Type 'string | number | null | undefined' is not assignable to type 'number | null | undefined'.
                  Type 'string' is not assignable to type 'number'.
components/UserSetup.tsx(231,11): error TS2322: Type 'ForwardRefExoticComponent<Omit<LucideProps, "ref"> & RefAttributes<SVGSVGElement>>' is not assignable to type 'ComponentType<{ size?: number | undefined; className?: string | undefined; }> | undefined'.
  Type 'ForwardRefExoticComponent<Omit<LucideProps, "ref"> & RefAttributes<SVGSVGElement>>' is not assignable to type 'FunctionComponent<{ size?: number | undefined; className?: string | undefined; }>'.
    Types of property 'propTypes' are incompatible.
      Type 'WeakValidationMap<Omit<LucideProps, "ref"> & RefAttributes<SVGSVGElement>> | undefined' is not assignable to type 'WeakValidationMap<{ size?: number | undefined; className?: string | undefined; }> | undefined'.
        Type 'WeakValidationMap<Omit<LucideProps, "ref"> & RefAttributes<SVGSVGElement>>' is not assignable to type 'WeakValidationMap<{ size?: number | undefined; className?: string | undefined; }>'.
          Types of property 'size' are incompatible.
            Type 'Validator<string | number | null | undefined> | undefined' is not assignable to type 'Validator<number | null | undefined> | undefined'.
              Type 'Validator<string | number | null | undefined>' is not assignable to type 'Validator<number | null | undefined>'.
                Type 'string | number | null | undefined' is not assignable to type 'number | null | undefined'.
                  Type 'string' is not assignable to type 'number'.
components/UserSetup.tsx(1367,46): error TS2322: Type '{ size: number; style: { color: string; }; }' is not assignable to type 'IntrinsicAttributes & { size?: number | undefined; className?: string | undefined; }'.
  Property 'style' does not exist on type 'IntrinsicAttributes & { size?: number | undefined; className?: string | undefined; }'.
components/UserSetupAI.tsx(564,36): error TS2552: Cannot find name 'setupProgress'. Did you mean '_setupProgress'?
components/UserSetupAI.tsx(590,20): error TS2552: Cannot find name 'setupProgress'. Did you mean '_setupProgress'?
components/UserSetupAI.tsx(598,52): error TS2339: Property 'full' does not exist on type '{ sm: string; md: string; lg: string; xl: string; }'.
components/UserSetupAI.tsx(605,31): error TS2552: Cannot find name 'setupProgress'. Did you mean '_setupProgress'?
components/UserSetupAI.tsx(608,54): error TS2339: Property 'full' does not exist on type '{ sm: string; md: string; lg: string; xl: string; }'.
contexts/AuthContext.tsx(76,7): error TS2448: Block-scoped variable 'startRefreshTimer' used before its declaration.
contexts/AuthContext.tsx(76,7): error TS2454: Variable 'startRefreshTimer' is used before being assigned.
contexts/AuthContext.tsx(207,45): error TS2345: Argument of type 'unknown' is not assignable to parameter of type 'LogData | undefined'.
tests/e2e/dashboard.spec.ts(80,11): error TS6133: 'initialValue' is declared but its value is never read.
tests/e2e/wedge-live-data.spec.ts(11,7): error TS6133: 'API_TOKEN' is declared but its value is never read.
tests/e2e/wedge-live-data.spec.ts(70,16): error TS6133: 'checkConsoleErrors' is declared but its value is never read.
tests/e2e/wedge-live-data.spec.ts(83,16): error TS6133: 'checkFailedRequests' is declared but its value is never read.
tests/e2e/wedge-live-data.spec.ts(201,11): error TS6133: 'iframe' is declared but its value is never read.
tests/fixtures/options.ts(93,40): error TS2322: Type 'string' is not assignable to type '"string"'.
tests/fixtures/options.ts(93,67): error TS2322: Type '"call"' is not assignable to type '"string"'.
tests/fixtures/options.ts(94,39): error TS2322: Type 'string' is not assignable to type '"string"'.
tests/fixtures/options.ts(94,66): error TS2322: Type '"put"' is not assignable to type '"string"'.
